c:\users\newmr\desktop\unknown\source\unknown\unknown\x64\release\vc142.pdb
c:\users\newmr\desktop\unknown\source\unknown\unknown\x64\release\logger.obj
c:\users\newmr\desktop\unknown\source\unknown\unknown\x64\release\consolelogger.obj
c:\users\newmr\desktop\unknown\source\unknown\unknown\x64\release\timemanager.obj
c:\users\newmr\desktop\unknown\source\unknown\unknown\x64\release\main.obj
c:\users\newmr\desktop\unknown\source\unknown\unknown\x64\release\dummymanager.obj
c:\users\newmr\desktop\unknown\source\unknown\unknown\x64\release\csvloader.obj
c:\users\newmr\desktop\unknown\source\unknown\unknown\x64\release\loader.obj
c:\users\newmr\desktop\unknown\source\unknown\unknown\x64\release\itemtable.obj
c:\users\newmr\desktop\unknown\source\unknown\unknown\x64\release\stringmanager.obj
c:\users\newmr\desktop\unknown\source\unknown\unknown\x64\release\datatypemanager.obj
c:\users\newmr\desktop\unknown\bin\unknown.exe
c:\users\newmr\desktop\unknown\bin\unknown.pdb
c:\users\newmr\desktop\unknown\bin\unknown.ipdb
c:\users\newmr\desktop\unknown\bin\unknown.iobj
c:\users\newmr\desktop\unknown\source\unknown\unknown\../../../bin/unknown.exe
c:\users\newmr\desktop\unknown\source\unknown\unknown\x64\release\unknown.tlog\cl.command.1.tlog
c:\users\newmr\desktop\unknown\source\unknown\unknown\x64\release\unknown.tlog\cl.read.1.tlog
c:\users\newmr\desktop\unknown\source\unknown\unknown\x64\release\unknown.tlog\cl.write.1.tlog
c:\users\newmr\desktop\unknown\source\unknown\unknown\x64\release\unknown.tlog\link.command.1.tlog
c:\users\newmr\desktop\unknown\source\unknown\unknown\x64\release\unknown.tlog\link.delete.1.tlog
c:\users\newmr\desktop\unknown\source\unknown\unknown\x64\release\unknown.tlog\link.read.1.tlog
c:\users\newmr\desktop\unknown\source\unknown\unknown\x64\release\unknown.tlog\link.write.1.tlog
c:\users\newmr\desktop\unknown\source\unknown\unknown\x64\release\unknown.tlog\unknown.write.1u.tlog
